<?xml version="1.0" encoding="UTF-8"?>
<!-- Generated by org.testng.reporters.JUnitXMLReporter -->
<testsuite ignored="1" hostname="RAMYA-S" failures="0" tests="2" name="Test" time="85.38" errors="0" timestamp="2023-06-22T14:38:16 IST">
  <testcase classname="RMITestScript.Registration_Test" name="RegPage" time="58.56"/>
  <testcase classname="RMITestScript.Applicant_Details" name="form" time="20.647"/>
  <testcase classname="Generic.BaseTest" name="@BeforeSuite initialize" time="0.0">
    <ignored/>
  </testcase> <!-- @BeforeSuite initialize -->
</testsuite> <!-- Test -->
