<?xml version="1.0" encoding="UTF-8"?>
<!-- Generated by org.testng.reporters.JUnitXMLReporter -->
<testsuite ignored="0" hostname="RAMYA-S" failures="0" tests="4" name="Test1" time="0.105" errors="0" timestamp="2024-08-24T17:29:18 IST">
  <testcase classname="RMITestScript.LoginScript" name="@BeforeTest setup" time="0.001">
    <failure type="java.lang.NullPointerException" message="Cannot invoke &amp;quot;java.util.Properties.getProperty(String)&amp;quot; because &amp;quot;this.prop&amp;quot; is null">
      <![CDATA[java.lang.NullPointerException: Cannot invoke "java.util.Properties.getProperty(String)" because "this.prop" is null
at Generic.BaseTest.getLoginUrl(BaseTest.java:74)
at RMITestScript.LoginScript.setup(LoginScript.java:37)
... Removed 24 stack frames]]>
    </failure>
  </testcase> <!-- @BeforeTest setup -->
  <testcase classname="Generic.BaseTest" name="@BeforeMethod getLoginUrl1" time="-1.724500758503E9">
    <skipped/>
  </testcase> <!-- @BeforeMethod getLoginUrl1 -->
  <testcase classname="Generic.BaseTest" name="@BeforeMethod getLoginUrl1" time="-1.724500758503E9">
    <skipped/>
  </testcase> <!-- @BeforeMethod getLoginUrl1 -->
  <testcase classname="Generic.BaseTest" name="@BeforeMethod getLoginUrl1" time="-1.724500758503E9">
    <skipped/>
  </testcase> <!-- @BeforeMethod getLoginUrl1 -->
  <testcase classname="Generic.BaseTest" name="@BeforeMethod getLoginUrl1" time="-1.724500758503E9">
    <skipped/>
  </testcase> <!-- @BeforeMethod getLoginUrl1 -->
  <testcase classname="RMITestScript.LoginScript" name="@AfterMethod afterMethod" time="-1.72450075852E9">
    <skipped/>
  </testcase> <!-- @AfterMethod afterMethod -->
  <testcase classname="RMITestScript.LoginScript" name="@AfterMethod afterMethod" time="-1.724500758518E9">
    <skipped/>
  </testcase> <!-- @AfterMethod afterMethod -->
  <testcase classname="RMITestScript.LoginScript" name="@AfterMethod afterMethod" time="-1.724500758531E9">
    <skipped/>
  </testcase> <!-- @AfterMethod afterMethod -->
  <testcase classname="RMITestScript.LoginScript" name="@AfterMethod afterMethod" time="-1.724500758533E9">
    <skipped/>
  </testcase> <!-- @AfterMethod afterMethod -->
  <testcase classname="RMITestScript.LoginScript" name="testInvalidUsername" time="0.0">
    <skipped/>
  </testcase> <!-- testInvalidUsername -->
  <testcase classname="RMITestScript.LoginScript" name="testInvalidPassword" time="0.0">
    <skipped/>
  </testcase> <!-- testInvalidPassword -->
  <testcase classname="RMITestScript.LoginScript" name="testEmptyUsernameAndPassword" time="0.0">
    <skipped/>
  </testcase> <!-- testEmptyUsernameAndPassword -->
  <testcase classname="RMITestScript.LoginScript" name="testValidLogin" time="0.0">
    <skipped/>
  </testcase> <!-- testValidLogin -->
</testsuite> <!-- Test1 -->
