<?xml version="1.0" encoding="UTF-8"?>
<testng-results ignored="0" total="1" passed="1" failed="0" skipped="0">
  <reporter-output>
    <line>
      <![CDATA[Path is valid]]>
    </line>
    <line>
      <![CDATA[Path is valid]]>
    </line>
  </reporter-output>
  <suite started-at="2023-06-08T16:36:17 IST" name="Suite" finished-at="2023-06-08T16:37:06 IST" duration-ms="49300">
    <groups>
    </groups>
    <test started-at="2023-06-08T16:36:17 IST" name="Test" finished-at="2023-06-08T16:37:06 IST" duration-ms="49300">
      <class name="RMITestScript.Test1">
        <test-method is-config="true" signature="setup()[pri:0, instance:RMITestScript.Test1@2e6a8155]" started-at="2023-06-08T16:36:17 IST" name="setup" finished-at="2023-06-08T16:36:34 IST" duration-ms="16529" status="PASS">
          <reporter-output>
          </reporter-output>
        </test-method> <!-- setup -->
        <test-method is-config="true" signature="initialize()[pri:0, instance:RMITestScript.Test1@2e6a8155]" started-at="2023-06-08T16:36:34 IST" name="initialize" finished-at="2023-06-08T16:36:43 IST" duration-ms="9715" status="PASS">
          <reporter-output>
          </reporter-output>
        </test-method> <!-- initialize -->
        <test-method signature="loginPage()[pri:0, instance:RMITestScript.Test1@2e6a8155]" started-at="2023-06-08T16:36:43 IST" name="loginPage" finished-at="2023-06-08T16:37:06 IST" duration-ms="22962" status="PASS">
          <reporter-output>
            <line>
              <![CDATA[Path is valid]]>
            </line>
            <line>
              <![CDATA[Path is valid]]>
            </line>
          </reporter-output>
        </test-method> <!-- loginPage -->
      </class> <!-- RMITestScript.Test1 -->
    </test> <!-- Test -->
  </suite> <!-- Suite -->
</testng-results>
