<?xml version="1.0" encoding="UTF-8"?>
<testng-results ignored="0" total="1" passed="1" failed="0" skipped="0">
  <reporter-output>
  </reporter-output>
  <suite started-at="2023-06-05T16:11:01 IST" name="Default suite" finished-at="2023-06-05T16:11:21 IST" duration-ms="19999">
    <groups>
    </groups>
    <test started-at="2023-06-05T16:11:01 IST" name="Default test" finished-at="2023-06-05T16:11:21 IST" duration-ms="19999">
      <class name="RMITestScript.Test1">
        <test-method is-config="true" signature="setup()[pri:0, instance:RMITestScript.Test1@2e6a8155]" started-at="2023-06-05T16:11:01 IST" name="setup" finished-at="2023-06-05T16:11:21 IST" duration-ms="19918" status="PASS">
          <reporter-output>
          </reporter-output>
        </test-method> <!-- setup -->
        <test-method signature="loginPage()[pri:0, instance:RMITestScript.Test1@2e6a8155]" started-at="2023-06-05T16:11:21 IST" name="loginPage" finished-at="2023-06-05T16:11:21 IST" duration-ms="14" status="PASS">
          <reporter-output>
          </reporter-output>
        </test-method> <!-- loginPage -->
      </class> <!-- RMITestScript.Test1 -->
    </test> <!-- Default test -->
  </suite> <!-- Default suite -->
</testng-results>
