<?xml version="1.0" encoding="UTF-8"?>
<testng-results ignored="1" total="3" passed="2" failed="0" skipped="0">
  <reporter-output>
    <line>
      <![CDATA[Path is valid]]>
    </line>
    <line>
      <![CDATA[Path is valid]]>
    </line>
    <line>
      <![CDATA[Path is valid]]>
    </line>
    <line>
      <![CDATA[Path is valid]]>
    </line>
    <line>
      <![CDATA[Path is valid]]>
    </line>
    <line>
      <![CDATA[Path is valid]]>
    </line>
  </reporter-output>
  <suite started-at="2023-06-23T17:49:31 IST" name="Suite" finished-at="2023-06-23T17:50:40 IST" duration-ms="69061">
    <groups>
    </groups>
    <test started-at="2023-06-23T17:49:31 IST" name="Test" finished-at="2023-06-23T17:50:40 IST" duration-ms="69061">
      <class name="RMITestScript.Registration_Test">
        <test-method is-config="true" signature="initialize()[pri:0, instance:RMITestScript.Registration_Test@65c7a252]" started-at="2023-06-23T17:49:21 IST" name="initialize" finished-at="2023-06-23T17:49:31 IST" duration-ms="10352" status="PASS">
          <reporter-output>
          </reporter-output>
        </test-method> <!-- initialize -->
        <test-method is-config="true" signature="setup()[pri:0, instance:RMITestScript.Registration_Test@65c7a252]" started-at="2023-06-23T17:49:31 IST" name="setup" finished-at="2023-06-23T17:49:39 IST" duration-ms="8036" status="PASS">
          <reporter-output>
          </reporter-output>
        </test-method> <!-- setup -->
        <test-method signature="RegPage()[pri:1, instance:RMITestScript.Registration_Test@65c7a252]" started-at="2023-06-23T17:49:39 IST" name="RegPage" finished-at="2023-06-23T17:50:19 IST" duration-ms="40179" status="PASS">
          <reporter-output>
            <line>
              <![CDATA[Path is valid]]>
            </line>
            <line>
              <![CDATA[Path is valid]]>
            </line>
          </reporter-output>
        </test-method> <!-- RegPage -->
      </class> <!-- RMITestScript.Registration_Test -->
      <class name="RMITestScript.Applicant_Details">
        <test-method signature="form()[pri:2, instance:RMITestScript.Applicant_Details@e350b40]" started-at="2023-06-23T17:50:19 IST" name="form" finished-at="2023-06-23T17:50:40 IST" duration-ms="20772" status="PASS">
          <reporter-output>
            <line>
              <![CDATA[Path is valid]]>
            </line>
            <line>
              <![CDATA[Path is valid]]>
            </line>
            <line>
              <![CDATA[Path is valid]]>
            </line>
            <line>
              <![CDATA[Path is valid]]>
            </line>
          </reporter-output>
        </test-method> <!-- form -->
      </class> <!-- RMITestScript.Applicant_Details -->
    </test> <!-- Test -->
  </suite> <!-- Suite -->
</testng-results>
