<?xml version="1.0" encoding="UTF-8"?>
<testng-results ignored="0" total="1" passed="1" failed="0" skipped="0">
  <reporter-output>
    <line>
      <![CDATA[Path is valid]]>
    </line>
    <line>
      <![CDATA[Path is valid]]>
    </line>
  </reporter-output>
  <suite started-at="2023-06-21T12:23:35 IST" name="Default suite" finished-at="2023-06-21T12:24:13 IST" duration-ms="37315">
    <groups>
    </groups>
    <test started-at="2023-06-21T12:23:35 IST" name="Default test" finished-at="2023-06-21T12:24:13 IST" duration-ms="37315">
      <class name="RMITestScript.Registration_Test">
        <test-method is-config="true" signature="setup()[pri:0, instance:RMITestScript.Registration_Test@a38c7fe]" started-at="2023-06-21T12:23:35 IST" name="setup" finished-at="2023-06-21T12:23:47 IST" duration-ms="11898" status="PASS">
          <reporter-output>
          </reporter-output>
        </test-method> <!-- setup -->
        <test-method is-config="true" signature="initialize()[pri:0, instance:RMITestScript.Registration_Test@a38c7fe]" started-at="2023-06-21T12:23:47 IST" name="initialize" finished-at="2023-06-21T12:23:56 IST" duration-ms="8287" status="PASS">
          <reporter-output>
          </reporter-output>
        </test-method> <!-- initialize -->
        <test-method signature="RegPage()[pri:0, instance:RMITestScript.Registration_Test@a38c7fe]" started-at="2023-06-21T12:23:56 IST" name="RegPage" finished-at="2023-06-21T12:24:13 IST" duration-ms="17052" status="PASS">
          <reporter-output>
            <line>
              <![CDATA[Path is valid]]>
            </line>
            <line>
              <![CDATA[Path is valid]]>
            </line>
          </reporter-output>
        </test-method> <!-- RegPage -->
      </class> <!-- RMITestScript.Registration_Test -->
    </test> <!-- Default test -->
  </suite> <!-- Default suite -->
</testng-results>
