<?xml version="1.0" encoding="UTF-8"?>
<testng-results ignored="0" total="1" passed="1" failed="0" skipped="0">
  <reporter-output>
    <line>
      <![CDATA[Path is valid]]>
    </line>
    <line>
      <![CDATA[Path is valid]]>
    </line>
  </reporter-output>
  <suite started-at="2023-06-09T15:35:28 IST" name="Default suite" finished-at="2023-06-09T15:37:05 IST" duration-ms="97167">
    <groups>
    </groups>
    <test started-at="2023-06-09T15:35:28 IST" name="Default test" finished-at="2023-06-09T15:37:05 IST" duration-ms="97167">
      <class name="RMITestScript.Test1">
        <test-method is-config="true" signature="setup()[pri:0, instance:RMITestScript.Test1@1e0b4072]" started-at="2023-06-09T15:35:28 IST" name="setup" finished-at="2023-06-09T15:36:07 IST" duration-ms="38868" status="PASS">
          <reporter-output>
          </reporter-output>
        </test-method> <!-- setup -->
        <test-method is-config="true" signature="initialize()[pri:0, instance:RMITestScript.Test1@1e0b4072]" started-at="2023-06-09T15:36:07 IST" name="initialize" finished-at="2023-06-09T15:36:17 IST" duration-ms="9707" status="PASS">
          <reporter-output>
          </reporter-output>
        </test-method> <!-- initialize -->
        <test-method signature="loginPage()[pri:0, instance:RMITestScript.Test1@1e0b4072]" started-at="2023-06-09T15:36:17 IST" name="loginPage" finished-at="2023-06-09T15:37:05 IST" duration-ms="48458" status="PASS">
          <reporter-output>
            <line>
              <![CDATA[Path is valid]]>
            </line>
            <line>
              <![CDATA[Path is valid]]>
            </line>
          </reporter-output>
        </test-method> <!-- loginPage -->
      </class> <!-- RMITestScript.Test1 -->
    </test> <!-- Default test -->
  </suite> <!-- Default suite -->
</testng-results>
