<?xml version="1.0" encoding="UTF-8"?>
<testng-results ignored="0" total="1" passed="1" failed="0" skipped="0">
  <reporter-output>
    <line>
      <![CDATA[Path is valid]]>
    </line>
    <line>
      <![CDATA[Path is valid]]>
    </line>
    <line>
      <![CDATA[Path is valid]]>
    </line>
    <line>
      <![CDATA[Path is valid]]>
    </line>
  </reporter-output>
  <suite started-at="2025-04-21T12:48:46 IST" name="Suite" finished-at="2025-04-21T12:49:30 IST" duration-ms="43971">
    <groups>
    </groups>
    <test started-at="2025-04-21T12:48:46 IST" name="Test" finished-at="2025-04-21T12:49:30 IST" duration-ms="43971">
      <class name="RMITestScript.ReportsScript">
        <test-method is-config="true" signature="initialize()[pri:0, instance:RMITestScript.ReportsScript@50d13246]" started-at="2025-04-21T12:48:10 IST" name="initialize" finished-at="2025-04-21T12:48:46 IST" duration-ms="36137" status="PASS">
          <reporter-output>
          </reporter-output>
        </test-method> <!-- initialize -->
        <test-method is-config="true" signature="beforeMethod()[pri:0, instance:RMITestScript.ReportsScript@50d13246]" started-at="2025-04-21T12:48:46 IST" name="beforeMethod" finished-at="2025-04-21T12:48:46 IST" duration-ms="0" status="PASS">
          <reporter-output>
          </reporter-output>
        </test-method> <!-- beforeMethod -->
        <test-method signature="Repo()[pri:1, instance:RMITestScript.ReportsScript@50d13246]" started-at="2025-04-21T12:48:46 IST" name="Repo" finished-at="2025-04-21T12:49:30 IST" duration-ms="43947" status="PASS">
          <reporter-output>
            <line>
              <![CDATA[Path is valid]]>
            </line>
            <line>
              <![CDATA[Path is valid]]>
            </line>
            <line>
              <![CDATA[Path is valid]]>
            </line>
            <line>
              <![CDATA[Path is valid]]>
            </line>
          </reporter-output>
        </test-method> <!-- Repo -->
        <test-method is-config="true" signature="getScreenshot(org.testng.ITestResult)[pri:0, instance:RMITestScript.ReportsScript@50d13246]" started-at="2025-04-21T12:49:30 IST" name="getScreenshot" finished-at="2025-04-21T12:49:30 IST" duration-ms="1" status="PASS">
          <params>
            <param index="0">
              <value>
                <![CDATA[[TestResult name=Repo status=SUCCESS method=ReportsScript.Repo()[pri:1, instance:RMITestScript.ReportsScript@50d13246] output=Path is valid]]]>
              </value>
            </param>
          </params>
          <reporter-output>
          </reporter-output>
        </test-method> <!-- getScreenshot -->
        <test-method is-config="true" signature="afterSuite()[pri:0, instance:RMITestScript.ReportsScript@50d13246]" started-at="2025-04-21T12:49:34 IST" name="afterSuite" finished-at="2025-04-21T12:49:35 IST" duration-ms="1095" status="PASS">
          <reporter-output>
          </reporter-output>
        </test-method> <!-- afterSuite -->
      </class> <!-- RMITestScript.ReportsScript -->
    </test> <!-- Test -->
  </suite> <!-- Suite -->
</testng-results>
