<?xml version="1.0" encoding="UTF-8"?>
<!-- Generated by org.testng.reporters.JUnitReportReporter -->
<testsuite hostname="RAMYA-S" failures="0" tests="1" name="RMITestScript.MasterEmailScript" time="15.219" errors="0" timestamp="2024-11-20T15:11:14 IST" skipped="0">
  <testcase classname="RMITestScript.MasterEmailScript" name="EmailVer" time="15.219"/>
  <system-out>
    <![CDATA[Path is valid
Path is valid
Path is valid]]>
  </system-out>
</testsuite> <!-- RMITestScript.MasterEmailScript -->
