<?xml version="1.0" encoding="UTF-8"?>
<!-- Generated by org.testng.reporters.JUnitReportReporter -->
<testsuite hostname="RAMYA-S" failures="0" tests="1" name="RMITestScript.Axis_Script" time="45.998" errors="0" timestamp="2024-09-30T14:50:48 IST" skipped="0">
  <testcase classname="RMITestScript.Axis_Script" name="AxisPage" time="45.998"/>
  <system-out>
    <![CDATA[Path is valid
Path is valid
Path is valid
Path is valid
Path is valid
Path is valid]]>
  </system-out>
</testsuite> <!-- RMITestScript.Axis_Script -->
