<?xml version="1.0" encoding="UTF-8"?>
<!-- Generated by org.testng.reporters.JUnitReportReporter -->
<testsuite hostname="RAMYA-S" failures="0" tests="1" name="RMITestScript.DDE_Script" time="87.523" errors="0" timestamp="2025-04-07T11:07:17 IST" skipped="0">
  <testcase classname="RMITestScript.DDE_Script" name="doc" time="87.523"/>
  <system-out>
    <![CDATA[Path is valid
Path is valid
Path is valid
Path is valid
Path is valid
Path is valid
Path is valid
Path is valid
Path is valid
Path is valid
Path is valid
Path is valid
Path is valid]]>
  </system-out>
</testsuite> <!-- RMITestScript.DDE_Script -->
