<?xml version="1.0" encoding="UTF-8"?>
<!-- Generated by org.testng.reporters.JUnitReportReporter -->
<testsuite hostname="RAMYA-S" failures="0" tests="1" name="RMITestScript.ReportsScript" time="43.948" errors="0" timestamp="2025-04-21T12:49:35 IST" skipped="0">
  <testcase classname="RMITestScript.ReportsScript" name="Repo" time="43.948"/>
  <system-out>
    <![CDATA[Path is valid
Path is valid
Path is valid
Path is valid]]>
  </system-out>
</testsuite> <!-- RMITestScript.ReportsScript -->
