<?xml version="1.0" encoding="UTF-8"?>
<!-- Generated by org.testng.reporters.JUnitReportReporter -->
<testsuite hostname="RAMYA-S" failures="0" tests="1" name="RMITestScript.MasterFran_Script" time="42.141" errors="0" timestamp="2024-11-20T15:11:14 IST" skipped="0">
  <testcase classname="RMITestScript.MasterFran_Script" name="reg" time="42.141"/>
  <system-out>
    <![CDATA[Path is valid
Path is valid
Path is valid
Path is valid
Path is valid
Path is valid
Path is valid
Path is valid]]>
  </system-out>
</testsuite> <!-- RMITestScript.MasterFran_Script -->
