<?xml version="1.0" encoding="UTF-8"?>
<!-- Generated by org.testng.reporters.JUnitReportReporter -->
<testsuite hostname="RAMYA-S" failures="0" tests="2" name="RMITestScript.WalletToBankTransfer_Script" time="63.604" errors="0" timestamp="2025-03-18T15:04:32 IST" skipped="0">
  <testcase classname="RMITestScript.WalletToBankTransfer_Script" name="approval" time="39.350"/>
  <system-out>
    <![CDATA[Path is valid
Path is valid
Path is valid
Path is valid]]>
  </system-out>
  <testcase classname="RMITestScript.WalletToBankTransfer_Script" name="settlement" time="24.254"/>
  <system-out>
    <![CDATA[Path is valid
Path is valid
Path is valid
Path is valid
Path is valid
Path is valid
Path is valid
Path is valid
Path is valid]]>
  </system-out>
</testsuite> <!-- RMITestScript.WalletToBankTransfer_Script -->
