<?xml version="1.0" encoding="UTF-8"?>
<!-- Generated by org.testng.reporters.JUnitReportReporter -->
<testsuite hostname="RAMYA-S" failures="0" tests="1" name="RMITestScript.FranchiseeScript" time="41.205" errors="0" timestamp="2025-03-05T17:37:20 IST" skipped="0">
  <testcase classname="RMITestScript.FranchiseeScript" name="reg" time="41.205"/>
  <system-out>
    <![CDATA[Path is valid
Path is valid
Path is valid
Path is valid
Path is valid
Path is valid]]>
  </system-out>
</testsuite> <!-- RMITestScript.FranchiseeScript -->
