<?xml version="1.0" encoding="UTF-8"?>
<!-- Generated by org.testng.reporters.JUnitReportReporter -->
<testsuite hostname="RAMYA-S" failures="0" tests="1" name="RMITestScript.Solar_Script" time="67.921" errors="0" timestamp="2025-12-04T12:22:09 IST" skipped="0">
  <testcase classname="RMITestScript.Solar_Script" name="solarPage" time="67.921"/>
  <system-out>
    <![CDATA[Path is valid
Path is valid
Path is valid
Path is valid
Path is valid
Path is valid
Path is valid
Path is valid]]>
  </system-out>
</testsuite> <!-- RMITestScript.Solar_Script -->
